=== AI 수정기록 ===
날짜: 2026-04-11 18:58:08
작업자: AI Assistant
파일: 체크리스트.md
작업내용: 파일 툴 완료 항목 체크리스트 업데이트 및 자동 백업

## 체크리스트 업데이트 내용

### 2.1 파일 작업 완료 항목
- [x] **파일 툴** (`core/tools/file_tool.py`) ✅
  - [x] 파일 읽기 작업 ✅
  - [x] 파일 쓰기 작업 ✅
  - [x] 디렉토리 목록 ✅
  - [x] 파일 메타데이터 추출 ✅
  - [x] 안전한 경로 검증 ✅

## 자동 백업 실행 결과

### 백업 정보
- 기능명: 체크리스트 업데이트 - 파일 툴 완료
- 커밋 해시: e9eded8c
- 타임스탬프: 2026-04-11 18:58:08
- 상태: 성공

### 커밋 메시지
```
Auto-backup: 체크리스트 업데이트 - 파일 툴 완료 - 2026-04-11 18:58:08

2.1 파일 작업 항목 모두 완료 체크, 파일 툴 구현 완료 기록
```

## 현재 진행 상태

### 툴 레이어 완료율
- 파일 작업: 100% (5/5 항목 완료)
- 로그 분석: 0% (0/5 항목 완료)
- 시스템 상호작용: 0% (0/5 항목 완료)
- 웹 작업: 0% (0/5 항목 완료)

### 다음 우선순위
1. 로그 툴 구현 (core/tools/log_tool.py)
2. 시스템 툴 구현 (core/tools/system_tool.py)
3. 웹 툴 구현 (core/tools/web_tool.py)
4. 에이전트와의 툴 통합

## 상태
✅ 체크리스트 업데이트 완료
✅ 자동 백업 실행 완료
✅ 파일 툴 구현 완료 기록
✅ 다음 단계 준비 완료

## 다음 단계
- 로그 툴 (core/tools/log_tool.py) 구현 시작
