2026-04-11 19:33:00 - 로그 통합 구현 완료
=====================================

## Summary
- Log integration module implementation completed
- Agent log access, historical analysis, and debugging support features added
- All features tested and verified
- Git backup completed

## Files Created/Modified
- Created: core/tools/log_integration.py (로그 통합 모듈)
  - LogIntegration 클래스 구현
  - Agent log access control with permission tracking
  - Historical log analysis (error/pattern/trend/summary)
  - Debugging support with automatic suggestions
  
- Created: test_log_integration.py (테스트 스크립트)
  - Integration test for all log integration features
  - Verified agent access, historical analysis, debugging

## Implementation Details

### Agent Log Access (get_agent_log_access)
- 에이전트별 로그 접근 권한 관리
- 시간 범위 필터링 지원
- 로그 타입별 접근 제어 (system, error, source, debug)
- 접근 기록 추적 (agent_access_log)

### Historical Analysis (analyze_historical_logs)
- 4가지 분석 타입 지원:
  - error: 에러 히스토리 및 발생 빈도 분석
  - pattern: 로그 패턴 매칭 분석
  - trend: 시간대별 트렌드 분석
  - summary: 전체 통계 및 건강 상태 평가
- 시간 범위 설정 가능 (기본: 24시간)

### Debugging Support (provide_debugging_support)
- 에러 시그니처 기반 검색
- 자동 원인 분석 및 해결책 제안
- 키워드 기반 패턴 매칭 (connection, permission, memory, timeout 등)
- 세션 기반 로그 추적

## Test Results
1. Agent Log Access: PASSED
   - 12개 로그 파일 접근 가능 확인
   
2. Historical Analysis: PASSED
   - Error analysis working
   - Pattern analysis working (5 info patterns found)
   
3. Debugging Support: PASSED
   - Automatic suggestions generated
   
4. Log Search: PASSED
   - 4개 파일 매치 확인

## Git Backup
- Commit: fb498b1c
- Time: 2026-04-11 19:33:23
- Message: "Log integration implementation complete"

## Status
- Log Integration: COMPLETE
- Ready for next phase: System Tool / Web Tool

## Next Steps
- Implement system tool (core/tools/system_tool.py)
- Implement web tool (core/tools/web_tool.py)
- Or proceed with other priority tasks
