2026-04-11 19:15:00 - Log Tool Implementation Complete
=====================================

## Summary
- Log tool implementation completed successfully
- All basic functionalities tested and verified
- Test policy integration confirmed working
- Automatic git backup applied

## Implementation Details
- Created core/tools/log_tool.py with comprehensive log analysis functions
- Integrated log tool into core/tools/__init__.py registry
- Implemented safe path validation and file size limits (50MB max)
- Added pattern matching for errors, warnings, and info logs
- Implemented error extraction and classification
- Added log summarization with timeline analysis
- Included real-time monitoring stub with callback support

## Test Results
1. Basic functionality test: PASSED
   - Tool info retrieval working
   - Log file listing working (12 files found)
   - Pattern matching working (5 matches found)
   - Error extraction working (2 errors found)
   - Log summarization working (6 lines, 2 errors)

2. Test policy integration: PASSED
   - Dummy policy mode working
   - Local AI policy mode configured
   - AI calls properly routed through test policy

3. Automatic backup: PASSED
   - Git backup completed successfully
   - Commit hash: 7b4be117
   - Timestamp: 2026-04-11 19:15:15

## Features Implemented
- parse_log_file: Safe log file parsing with line limits
- match_patterns: Regex pattern matching for log analysis
- extract_errors: Error extraction and classification
- summarize_log: Log summarization with health assessment
- monitor_real_time: Real-time monitoring setup
- get_log_files: Log file listing with pattern support
- get_tool_info: Tool metadata and capabilities

## Next Steps
- System tool implementation
- Web tool implementation
- Agent integration testing

## Status
- Log tool: COMPLETE
- Test policy integration: COMPLETE
- Automatic backup: COMPLETE
- Ready for next phase: YES
