=== AI 수정기록 ===
날짜: 2026-04-11 18:37:00
작업자: AI Assistant
파일: .windsurfrules
작업내용: 자동화 워크플로우 정책 추가

## 수정 내용
1. 📋 Documentation Index (한국어 문서) 섹션 추가
   - 3개 핵심 문서 목차 정보 추가
   - 계획서.md, 맥락노트.md, 체크리스트.md 인덱스 정보

2. 🔄 자동화 워크플로우 정책 (필수 준수) 섹션 추가
   - 수정기록장치 (CCTV 감시) 정책
   - 소스 수정 후 자동 체크 프로세스
   - 기능 테스트 및 체크리스트 업데이트
   - 오류 발생 시 처리 절차

3. 🎯 실행 우선순위 섹션 추가
   - 파일 수정 시 수정기록장치 실행
   - 수정 후 오류체크 프로세스 실행
   - 테스트 통과 시 체크리스트 업데이트
   - 오류 발생 시 관리자 알림

4. 📝 필수 확인사항 섹션 추가
   - 3개 체크리스트 문서 목차 숙지 여부
   - 수정기록장치 작동 여부
   - 오류체크 프로세스 실행 여부
   - 체크리스트 업데이트 필요 여부

## 생성된 폴더
- /home/lks/ai_router/log/source_log/

## 상태
✅ 정책 업데이트 완료
✅ 로그 폴더 생성 완료
✅ 수정기록 저장 완료
