2026-04-11 19:48:00 - 의도 통합 구현 완료
=====================================

## Summary
- Intent integration module implementation completed
- Router intent recognition, intent-based policy selection, and context preservation implemented
- All features tested and working correctly

## Files Created
- Created: core/intent_integration.py (의도 통합 모듈)
  - IntentBasedRouter 클래스: 의도 기반 라우팅
  - IntentContextManager 클래스: 세션별 컨텍스트 관리
  - RoutingDecision 데이터 클래스: 라우팅 결정 정보
  
- Created: test_intent_integration.py (테스트 스크립트)
  - Router recognition test
  - Policy selection test
  - Context preservation test
  - Statistics test

## Implementation Details

### 1. 라우터 의도 인식 (IntentBasedRouter)
- IntentParser와 연동하여 의도 파싱
- 14개 의도 타입에 대한 라우팅 지원
- 라우팅 히스토리 관리 (최대 100개)
- 실시간 라우팅 결정 제공

### 2. 의도 기반 정책 선택
- 의도 타입별 정책 매핑:
  - code_generation → expand
  - code_review → refine
  - debugging → refine
  - refactoring → refine
  - explanation → expand
  - question → expand
  - command → balance
  - analysis → expand_deep
  - testing → balance
  - documentation → expand
  - integration → balance
  - deployment → balance
  - maintenance → refine
  - unknown → balance

- 우선순위에 따른 정책 조정:
  - CRITICAL: +0.3 boost, 빠른 정책(refine) 우선
  - HIGH: +0.2 boost
  - MEDIUM: +0.0 boost
  - LOW: -0.1 boost
  - TRIVIAL: -0.2 boost

- 폴백 정책 지원 (최대 2개)

### 3. 컨텍스트 보존 (IntentContextManager)
- 세션별 컨텍스트 체인 관리 (최대 10개)
- 이전 컨텍스트 조회 (lookback 지원)
- 연속성 점수 계산 (키워드 오버랩)
- 컨텍스트 보강 기능 (enrich_with_context)

## Test Results
1. Router Intent Recognition: PASSED
   - Python 함수 작성 → code_generation, expand policy
   - 오류 디버그 → debugging, refine policy
   - 코드 리뷰 → code_review, refine policy
   - FastAPI 설명 → explanation, expand policy

2. Intent-Based Policy Selection: PASSED
   - 긴급 상황 → CRITICAL priority, refine policy
   - 기능 구현 → expand policy
   - 데이터 분석 → expand_deep policy

3. Context Preservation: PASSED
   - 세션별 컨텍스트 저장
   - 컨텍스트 체인 길이: 2
   - 연속성 점수 계산

4. Routing Statistics: PASSED
   - Total routings: 10
   - Policy distribution: expand(7), refine(2), expand_deep(1)
   - Intent distribution: code_generation(6), debugging(1), explanation(1), analysis(1), unknown(1)

5. Route by Intent (with session): PASSED
   - Flask 앱 → code_generation, expand policy
   - Framework detected: ['flask']

## Git Backup
- Commit: pending
- Time: 2026-04-11 19:48:00

## Status
- Intent Integration: COMPLETE
- Next: Context Manager (core/context.py) or proceed to other tasks
