================================================================================
타임스탬프: 2026-04-12_11-55-00
작업명: 로그_시스템상태_출력기능_추가_테스트완료
================================================================================

[수정된 파일 목록]
1. /home/lks/ai_router/cli_full_integration.py
   - _execute_log_tool() 메서드 수정
   - _execute_system_tool() 메서드 수정

[상세 작업 내용]

1. 로그 툴 출력 기능 추가 (_execute_log_tool)
   - 로그 분석 요약 출력
     * Recent errors: 에러 개수
     * Error types: 에러 타입별 개수
   
   - 최근 로그 출력
     * 기본: 최근 20줄
     * 전체 요청 시: 최근 100줄
     * 형식: [timestamp] level: message
   
   - 전체 로그 보기 옵션
     * "로그 전체 보기" 입력 시 100줄 출력
     * "full logs" 입력 시 100줄 출력

2. 시스템 툴 출력 기능 추가 (_execute_system_tool)
   - 시스템 상태 요약 출력
     * CPU 사용률: percent% (status)
     * 메모리 사용: percent% (used / total)
     * 디스크 사용: percent% (used / total)

3. 테스트 결과
   - ✅ 로그 요약 정상 출력
   - ✅ 최근 로그 정상 출력
   - ✅ 시스템 상태 정상 출력
   - ✅ AI 연결 정상 작동 (local_ai mode)
   - ✅ 한글 의도 인식 정상 작동

[출력 예시]

로그 요청 시:
============================================================
=== 로그 분석 요약 ===
- Recent errors: 11개
- Error types: process_error(2), general_error(9)
============================================================

=== 최근 로그 (최근 20줄) ===
[2026-04-12 10:30:00] ERROR: process_error - ...
...

[전체 로그 보려면 '로그 전체 보기' 입력]

시스템 상태 요청 시:
============================================================
=== 시스템 상태 ===
- CPU 사용률: 25% (normal)
- 메모리 사용: 45% (4.5GB / 10GB)
- 디스크 사용: 60% (120GB / 200GB)
============================================================

[DEBUG 메시지 설명]
- [DEBUG ai_call] mode: local_ai, should_dummy: False
  * mode: local_ai - 로컬 AI 모델 사용 중
  * should_dummy: False - 실제 AI 호출 (더미 아님)
  * 4개 에이전트 각각 호출 시 출력됨

================================================================================
