2026-04-11 20:22:00 - 시스템 통합 구현 완료
=====================================

## Summary
- System integration (시스템 통합) implementation completed
- All 3 features implemented: safe execution environment, resource monitoring, permission management
- All features tested and working correctly

## Files Created
- Created: core/tools/system_integration.py (시스템 통합 모듈)
  - SystemIntegration 클래스: 메인 통합 관리
  - SafeExecutionContext dataclass: 안전한 실행 컨텍스트
  - ResourceAlert dataclass: 자원 알림
  - PermissionCheck dataclass: 권한 체크 결과
  - PermissionLevel Enum: 권한 수준
  - ResourceAlertLevel Enum: 알림 수준
  - check_system_safety() 함수: 편의 함수
  
- Created: test_system_integration.py (테스트 스크립트)
  - 9 test cases covering all features

## Implementation Details

### 1. 안전한 실행 환경 (Safe Execution Environment)
- validate_command_safety(): 명령어 안전성 검증
  - 차단된 명령어 패턴 체크 (rm -rf /, mkfs, dd, fork bomb 등)
  - 금지된 경로 접근 체크 (/etc/passwd, /root 등)
  - 쉘 메타문자/명령어 치환 감지
- create_safe_execution_context(): 안전한 실행 컨텍스트 생성
  - 허용된 디렉토리 설정
  - 최대 실행 시간 및 메모리 제한
  - chroot 격리 지원
- execute_in_sandbox(): 샌드박스 환경에서 명령어 실행
  - 타임아웃 제한
  - 메모리 제한 (Linux resource 모듈)
  - 실행 로그 기록
- validate_path_access(): 경로 접근 권한 검증
  - 금지된 경로 블록
  - 허용된 디렉토리만 접근 가능
  - 읽기/쓰기 권한 체크

### 2. 자원 모니터링 (Resource Monitoring)
- monitor_resources(): 시스템 자원 모니터링
  - CPU 사용량 체크 (warning: 70%, critical: 90%)
  - 메모리 사용량 체크 (warning: 75%, critical: 90%)
  - 디스크 사용량 체크 (warning: 80%, critical: 95%)
  - 자동 알림 생성
- _create_alert(): 자원 알림 생성
  - Alert ID 생성
  - Alert level 분류 (NORMAL, WARNING, CRITICAL)
- get_resource_usage_trend(): 자원 사용량 추이 조회
  - 시간 범위별 조회
  - 최근 알림 수 집계

### 3. 권한 관리 (Permission Management)
- check_permission(): 권한 체크
  - PermissionLevel Enum: NONE, READ, WRITE, EXECUTE, ADMIN
  - 작업별 필요 권한 매핑
  - 현재 사용자 권한 확인
- request_elevation(): 권한 상승 요청
  - 권한 상승 필요 여부 판단
  - 관리자 승인 대기 처리
- get_system_health_for_agents(): 에이전트용 시스템 건강 상태
  - 안전한 정보만 제공
  - 실행 가능 여부 판단
  - 권고사항 제공

## Test Results
1. Command Safety Validation: PASSED
   - Safe commands: ls, python3, echo
   - Blocked: rm -rf /, cat /etc/passwd, shell injection
   - All correctly classified

2. Path Access Validation: PASSED
   - Allowed: /home/lks/ai_router/*, /tmp/*
   - Blocked: /etc/passwd, /root/secret
   - Correct permission checks

3. Resource Monitoring: PASSED
   - Overall status: normal
   - Alert count: 0
   - Current system healthy

4. Permission Check: PASSED
   - read_file: allowed (have READ, need READ)
   - write_file: depends on user
   - execute_command: depends on user
   - system_modify: blocked for ai_agent (need ADMIN)

5. Permission Elevation: PASSED
   - system_modify request for ai_agent
   - Granted: False
   - Pending admin approval: True

6. System Health for Agents: PASSED
   - Safe to execute: True
   - Overall status: healthy
   - Resource pressure: False
   - Recommendation: 시스템 정상, 작업 진행 가능

7. Quick Safety Check: PASSED
   - Safe to proceed: True
   - Resource status: normal
   - Alerts: 0

8. Resource Usage Trend: PASSED
   - Current status: healthy
   - Recent alerts: 0

9. Execution Statistics: PASSED
   - No executions yet (expected)

## Integration Points
- SystemTool과 통합하여 실제 시스템 데이터 수집
- PermissionLevel로 세분화된 권한 관리
- ResourceAlert로 체계적인 알림 관리
- check_system_safety() 편의 함수 제공

## Security Features
- 위험 명령어 차단 (10+ 패턴)
- 금지된 경로 보호 (6개 경로)
- 쉘 인젝션 방지
- 경로 접근 제한 (3개 디렉토리만 허용)
- 권한 기반 작업 제어
- 자원 한도 모니터링

## Git Backup
- Commit: pending
- Time: 2026-04-11 20:22:00

## Status
- System Integration: COMPLETE
- Section 2.3 (시스템 상호작용): FULLY COMPLETE
  - 시스템 툴: COMPLETE
  - 시스템 통합: COMPLETE
- Next: 2.4 웹 작업 (Web Tool)
