2026-04-12 10:07:00 - AI Router 라우터 진단 및 버그 수정 로그

🔍 진단 배경:
- 사용자가 라우터 결과물이 형평없다고 판단
- 전체 파이프라인 단계별 점검 요청
- 더미 데이터를 활용한 체계적인 테스트 수행

🧪 수행된 테스트:
1. 러너(orchestrator) 테스트 - ✅ 정상
2. 에이전트(agents) 테스트 - ✅ 정상
3. 노드(node) 테스트 - ⚠️ 충돌 발견 및 해결
4. 평가자(evaluator) 테스트 - ✅ 정상
5. 승자 선택 로직 테스트 - ✅ 정상
6. 메모리(memory) 테스트 - ✅ 정상
7. 전체 파이프라인 통합 테스트 - ⚠️ 부분적 실패

🐛 발견된 버그:
1. --dummy-1 플래그 문제
   - 원인: AIFullRouterCLI.__init__()에서 테스트 모드 덮어쓰기
   - 해결: set_test_mode(TestMode.LOCAL_AI) 라인 제거
   - 파일: cli_full_integration.py line 69

2. core/node.py 충돌
   - 원인: ai_call 함수 중복 정의
   - 해결: core/node.py를 core/node.py.backup으로 이동
   - 영향: core/ai.py의 ai_call 함수만 사용

📊 진단 결과:
✅ 정상 작동 컴포넌트:
- 러너: 오케스트레이션 정상
- 에이전트: 다중 에이전트 실행 정상
- 평가자: 점수 평가 로직 정상
- 승자 선택: 최고 점수 선택 정상
- 메모리: 저장/조회 정상

⚠️ 개선 필요 사항:
1. 정책 다양성 부족
   - 모든 테스트에서 expand 정책만 승자
   - 더미 응답이 expand에 유리하게 설계됨
   - 해결책: 각 정책별 특성 강화 필요

2. 동점자 처리
   - 여러 에이전트가 동일한 최고 점수(10점) 받음
   - 현재: 첫 번째 에이전트가 항상 승자
   - 해결책: 동점자 시 추가 기준 필요

🔧 현재 정책 상태:
- refine: 1.00
- balance: 1.00  
- expand: 1.00
- expand_deep: 1.20

📝 개선 제안:
1. 더미 응답 다양화
   - 각 정책별 특성 강화
   - 정책별 차별화된 응답 패턴

2. 정책 생성 다양화
   - 더 많은 변형 추가
   - next_generation() 함수 개선

3. 평가 시스템 개선
   - 정책별 차별화 강화
   - 동점자 해결 로직 추가

🎯 다음 작업:
1. 더미 응답 개선 구현
2. 정책 생성 로직 수정
3. 평가 시스템 고도화
4. 재테스트 및 검증

📁 생성된 테스트 파일:
- test_runner.py: 러너 테스트
- test_agents.py: 에이전트 테스트
- test_node.py: 노드 충돌 테스트
- test_evaluator.py: 평가자 테스트
- test_winner_selection.py: 승자 선택 테스트
- test_memory.py: 메모리 테스트
- test_full_pipeline.py: 전체 파이프라인 테스트
- test_current_policies.py: 현재 정책 상태 테스트
- analyze_policy_issues.py: 정책 문제 분석

상태: 진단 완료, 일부 버그 수정됨, 개선 필요 사항 확인됨
