=== AI 수정기록 ===
날짜: 2026-04-11 19:02:00
작업자: AI Assistant
파일: 파일 툴 실제 작동 확인
작업내용: 사용자 요청에 따른 파일 툴 실제 작동 테스트 수행

## 사용자 요청
"파일 읽고 하는거 그거 내가 작동하는지 궁금해서 보고싶어서"

## 테스트 수행 내용

### 1. 파일 읽기 테스트
- 대상 파일: main.py, 계획서.md, 맥락노트.md, 체크리스트.md, core/ai.py, core/evaluator.py
- 결과: 모든 파일 정상 읽기 성공
- 확인: 총 6개 파일, 45,129 bytes 읽기 성공

### 2. 파일 쓰기 테스트  
- 생성 파일: user_test_file.md
- 내용: 테스트용 마크다운 파일 (371 bytes)
- 결과: 파일 생성 성공, 즉시 읽기 확인 성공

### 3. 안전성 테스트
- 위험 경로: ../../../etc/passwd, /etc/shadow, venv/python, __pycache__/compiled.pyc
- 결과: 모든 위험 경로 안전하게 차단됨
- 확인: 보안 기능 정상 작동

## 실제 파일 확인
- 생성된 파일: /home/lks/ai_router/user_test_file.md
- 존재 확인: ls 명령어로 실제 파일 존재 확인
- 크기: 371 bytes
- 수정 시간: 2026-04-11 19:01

## 사용자 만족도
✅ 파일 읽기 기능: 실제로 작동함을 확인
✅ 파일 쓰기 기능: 실제로 작동함을 확인  
✅ 안전성 기능: 위험 경로 차단 확인
✅ 전체 시스템: 사용자 요청 만족

## 상태
✅ 파일 툴 실제 작동 확인 완료
✅ 사용자 요청 처리 완료
✅ 다음 단계 준비 완료

## 다음 단계
- 로그 툴 (core/tools/log_tool.py) 구현 시작
