2026-04-11 19:54:00 - 컨텍스트 추적기 구현 완료
=====================================

## Summary
- Context tracker (컨텍스트 추적기) implementation completed
- All 5 features implemented: conversation history, session management, context relevance scoring, context cleanup, session persistence
- All features tested and working correctly

## Files Created/Modified
- Modified: core/context.py (컨텍스트 추적기 모듈)
  - ContextTracker 클래스: 메인 컨텍스트 관리
  - ConversationTurn dataclass: 대화 턴 데이터
  - SessionContext dataclass: 세션 데이터
  - build_context 함수: 하위 호환성 유지
  
- Created: test_context_manager.py (테스트 스크립트)
  - 8 test cases covering all features

## Implementation Details

### 1. 대화 기록 (Conversation History)
- ConversationTurn 데이터 클래스
  - turn_id, timestamp, user_input
  - intent_type, policy_used, response_summary
  - context_snapshot, relevance_score, feedback
- 히스토리 조회 (lookback 지원)
- 최대 히스토리 개수 설정 가능

### 2. 세션 관리 (Session Management)
- 세션 자동 생성 (해시 기반 ID)
- 세션 커스텀 ID 지원
- 세션 메타데이터 관리
  - turn_count, total_tokens, session_duration_minutes
- 세션 정보 조회
- 세션 목록 조회
- 세션 삭제

### 3. 컨텍스트 관련성 점수화 (Context Relevance Scoring)
- 관련성 계산 알고리즘
  - 시간 감쇠 점수 (time_decay_hours: 1.0)
  - 키워드 유사도 (자카드 유사도)
  - 의도 일치도
- 가중치 설정
  - keyword_weight: 0.3
  - intent_weight: 0.4
  - recency_weight: 0.3
- 최소 관련성 임계값: 0.2
- 상위 K개 관련 컨텍스트 검색

### 4. 컨텍스트 정리 (Context Cleanup)
- 시간 기반 정리 (max_age_hours)
- 특정 세션 또는 전체 세션 정리
- 오래된 턴 자동 제거
- 세션 자동 삭제 (비활동 기준)
- 정리 결과 보고

### 5. 세션 간 지속성 (Session Persistence)
- JSON 파일 기반 저장
- 저장 경로: /home/lks/ai_router/data/context_store.json
- 세션별 저장/로드 지원
- 전체 세션 저장/로드 지원
- 자동 병합 (기존 데이터 + 새 데이터)
- 초기화 시 자동 로드

## Test Results
1. Session Creation: PASSED
   - Auto-generated session: bd2b87792740
   - Custom session: my_custom_session_001

2. Conversation History: PASSED
   - Added 3 turns successfully
   - Relevance scores calculated

3. Retrieve History: PASSED
   - Retrieved 2 turns with lookback

4. Relevant Context Search: PASSED
   - Found 1 relevant context
   - Relevance score: 0.50

5. Session Info: PASSED
   - Turn count: 3
   - Accumulated context: languages, intent_counts, dominant_intent

6. Session Persistence: PASSED
   - Save: SUCCESS
   - Load: SUCCESS
   - Loaded 3 turns from disk

7. Context Cleanup: PASSED
   - Cleaned sessions: 1 (old_session_test)
   - Removed turns: 0
   - Affected sessions: 1

8. List Sessions: PASSED
   - Active sessions: 2

## Git Backup
- Commit: pending
- Time: 2026-04-11 19:54:00

## Status
- Context Tracker: COMPLETE
- All 3.1 (Intent Analysis) and 3.2 (Context Management) sections complete
- Next: 3.3 Semantic Analysis or other tasks
