2026-04-11 20:18:00 - 시스템 툴 구현 완료
=====================================

## Summary
- System tool (시스템 툴) implementation completed
- All 5 features implemented: process management, memory monitoring, network status, system info, resource limits
- All features tested and working correctly with actual system data

## Files Created
- Created: core/tools/system_tool.py (시스템 툴 모듈)
  - SystemTool 클래스: 메인 시스템 툴
  - ProcessInfo dataclass: 프로세스 정보
  - MemoryInfo dataclass: 메모리 정보
  - NetworkInfo dataclass: 네트워크 정보
  - SystemInfo dataclass: 시스템 정보
  - ResourceLimits dataclass: 자원 제한
  - get_system_health() 함수: 편의 함수
  
- Created: test_system_tool.py (테스트 스크립트)
  - 9 test cases covering all features

## Implementation Details

### 1. 프로세스 관리 (Process Management)
- list_processes(): 프로세스 목록 조회 (CPU/메모리/PID 기준 정렬)
- get_process_details(): 특정 프로세스 상세 정보
- kill_process(): 프로세스 종료 (SIGTERM/SIGKILL)
- find_processes_by_name(): 이름으로 프로세스 검색
- ProcessStatus Enum: running, sleeping, stopped, zombie, unknown

### 2. 메모리 사용량 모니터링 (Memory Monitoring)
- get_memory_info(): 메모리 사용량 정보 (psutil 기반)
  - total_gb, available_gb, used_gb, percent_used
  - swap_total_gb, swap_used_gb, swap_percent
  - 상태 평가: normal, caution, critical
- get_top_memory_processes(): 메모리 사용 상위 프로세스

### 3. 네트워크 상태 (Network Status)
- get_network_info(): 네트워크 상태 정보
  - IO 카운터: bytes_sent/recv, packets_sent/recv, errors_in/out
  - 인터페이스 정보: 주소, 상태, 속도, MTU
  - 연결 정보: 로컬/원격 주소, 상태
- test_network_connectivity(): ping 기반 연결 테스트

### 4. 시스템 정보 (System Information)
- get_system_info(): 기본 시스템 정보
  - platform, version, architecture, processor
  - cpu_count, cpu_frequency_mhz, boot_time
  - hostname, python_version
- get_cpu_info(): CPU 사용량 및 정보
  - percent, count_logical/physical, frequency
  - per_cpu_percent, status (normal/busy/high_load)
- get_disk_info(): 디스크 사용량
  - root_partition: total/used/free/percent
  - all partitions: device, mountpoint, fstype

### 5. 자원 제한 (Resource Limits)
- check_resource_limits(): 자원 제한 확인
  - max_cpu_percent, max_memory_mb
  - max_disk_usage_percent, max_network_connections
  - 현재 사용량과 비교, 상태 반환
- set_resource_limits(): 자원 제한 설정
- get_system_summary(): 시스템 종합 요약
  - 전체 상태 계산 (healthy/caution/warning/critical)
  - 상위 CPU/메모리 프로세스 포함

## Test Results
1. Process List: PASSED
   - Total processes: 200+
   - Top by CPU: windsurf, python3, etc.

2. Memory Info: PASSED
   - Total: 15.42 GB
   - Used: 6.52 GB (42.3%)
   - Status: normal

3. Network Info: PASSED
   - Interfaces: 3
   - Active connections: 200+
   - Bytes sent/recv: actual values

4. System Info: PASSED
   - Platform: Linux
   - CPU count: 4
   - Hostname: lks-H81M-DS2V

5. CPU Info: PASSED
   - Usage: 34.8%
   - Status: busy
   - 4 logical cores

6. Disk Info: PASSED
   - Total: 103.75 GB
   - Used: 40.39 GB (41.0%)
   - Partitions: 23

7. Resource Limits: PASSED
   - CPU: 25.1% / 80% (within limits)
   - Memory: 42.3% / 80% (within limits)
   - Disk: 41.0% / 85% (within limits)

8. System Summary: PASSED
   - Overall status: healthy
   - Top CPU: windsurf
   - Top Memory: Isolated Web Co

9. System Health: PASSED
   - Status: healthy
   - Within limits: True

## Dependencies
- psutil: 시스템 정보 수집 (pip install psutil)
- platform: 시스템 플랫폼 정보
- subprocess: ping 명령어 실행

## Git Backup
- Commit: pending
- Time: 2026-04-11 20:18:00

## Status
- System Tool: COMPLETE
- Section 2.3 (시스템 상호작용): COMPLETE
- Actual system data collection: WORKING

## Next Steps
- Section 2.4 웹 작업 (Web Tool)
- Or system integration (안전한 실행 환경, 권한 관리)
