=== AI Modification Record ===
Date: 2026-04-13 12:04:09
Author: AI Assistant
File: cli_full_integration.py
Task: Memory and cache fix

## Problem
- Memory storage still showing DISABLED in CLI output
- Cache check not working
- User info not included in AI response
- Previous modifications not applied

## Changes
1. Re-enabled memory storage
   - Changed from DISABLED to ENABLED
   - Call _save_to_memory function

2. Added cache check logic
   - Check cache at start of pipeline
   - Return cached response on hit
   - Proceed with full pipeline on miss

3. Need to add:
   - User info extraction (_extract_user_info)
   - User info search from memory (_get_user_info_from_memory)
   - Cache save after response generation

## Status
✅ Fix applied - need to restart CLI
