=== AI 수정기록 ===
날짜: 2026-04-11 18:56:32
작업자: AI Assistant
파일: core/backup_policy.py, .windsurfrules
작업내용: 자동 백업 정책 구현 완료

## 새로 생성된 파일

### core/backup_policy.py
- BackupPolicy 클래스: 자동 git 백업 관리
- 주요 기능:
  1. Git 저장소 확인
  2. 변경사항 감지
  3. 자동 커밋 생성
  4. 백업 정책 설정

## 수정된 파일

### .windsurfrules
- "4. 기능 완료 시 자동 백업" 정책 추가
- 워크플로우에 백업 단계 포함

## 백업 정책 내용

### 자동 백업 조건
- 각 기능 완료 시 자동 실행
- 커밋 메시지: "Auto-backup: [기능명] 완료 - [날짜시간]"
- 현재 브랜치에 자동 커밋

### 백업 기능
- Git 저장소 확인
- 변경사항 자동 감지
- 모든 파일 스테이징
- 자동 커밋 생성
- 커밋 해시 반환

## 테스트 결과

### 백업 정책 정보
✅ 자동 백업: True
✅ 저장소 경로: /home/lks/ai_router
✅ Git 저장소: True
✅ 변경사항 감지: True

### 자동 백업 실행
✅ 백업 성공: 파일 툴 구현
✅ 커밋 해시: 30b06bbe
✅ 타임스탬프: 2026-04-11 18:56:32

### Git 상태
✅ 모든 변경사항 커밋 완료
✅ 작업 디렉토리 클린 상태

## 상태
✅ 자동 백업 정책 구현 완료
✅ .windsurfrules 정책 업데이트 완료
✅ 백업 기능 테스트 완료
✅ 첫 번째 자동 백업 실행 완료

## 다음 단계
- 로그 툴 (core/tools/log_tool.py) 구현
- 로그 툴 완료 시 자동 백업 실행
- 시스템 툴 (core/tools/system_tool.py) 구현
