2026-04-11 19:44:00 - 의도 파서 구현 완료
=====================================

## Summary
- Intent parser (의도 파서) implementation completed
- All 5 features implemented: input classification, context extraction, goal identification, priority assignment, multi-intent handling
- Tested with 10 different input patterns, all working correctly

## Files Created
- Created: core/intent.py (의도 파서 모듈)
  - IntentType Enum: 14 intent types (code_generation, debugging, explanation, etc.)
  - Priority Enum: 5 priority levels (CRITICAL, HIGH, MEDIUM, LOW, TRIVIAL)
  - Intent dataclass: structured intent representation
  - IntentParser class: main parsing logic
  
- Created: test_intent_parser.py (테스트 스크립트)
  - 10 test cases covering various intent types
  - Statistics verification

## Implementation Details

### 1. 입력 분류 (Input Classification)
- 14개 의도 타입 지원
- 정규식 패턴 매칭으로 의도 분류
- 신뢰도(confidence) 계산 (0.0 ~ 1.0)
- 키워드 추출

### 2. 컨텍스트 추출 (Context Extraction)
- 프로그래밍 언어 감지 (Python, Java, JS, etc.)
- 프레임워크 감지 (Django, FastAPI, React, etc.)
- 파일 타입 감지 (.py, .js, etc.)
- 데이터베이스 감지 (MySQL, PostgreSQL, etc.)
- 도구 감지 (git, docker, kubernetes, etc.)
- 코드 스니펫, URL, 파일 경로 감지

### 3. 목표 식별 (Goal Identification)
- 명시적 목표 문장 패턴 매칭
- 의도 타입별 기본 목표 제공
- 목표 추출 및 설정

### 4. 우선순위 할당 (Priority Assignment)
- 키워드 기반 우선순위 판단
- CRITICAL: 긴급, 장애, 중단
- HIGH: 중요, 필수, 빠르게
- MEDIUM: 기본값
- LOW: 나중, 여유
- TRIVIAL: 사소, 작은

### 5. 다중 의도 처리 (Multi-Intent Handling)
- 연결어로 분리 ("그리고", "또한", "plus", "and")
- 하위 의도 개별 파싱
- 최대 3개 하위 의도 지원

## Test Results
1. Python 코드 작성 → code_generation (confidence: 0.55)
2. 오류 디버그 → debugging (confidence: 0.55)
3. 설명 요청 → explanation (confidence: 0.55)
4. 리팩토링 → refactoring (confidence: 0.55)
5. 긴급 서버 다운 → integration (confidence: 0.40, Priority: CRITICAL)
6. FastAPI + PostgreSQL → integration (confidence: 0.55, multi-intent detected)
7. 코드 리뷰 → code_review (confidence: 0.55)
8. 테스트 코드 → testing (confidence: 0.55)
9. README 문서 → documentation (confidence: 0.55)
10. git 배포 설명 → explanation (confidence: 0.45)

## Statistics
- Total parsed: 10
- Average confidence: 0.585
- Multi-intent count: 1
- Intent distribution: code_generation(1), debugging(2), explanation(2), refactoring(1), integration(1), code_review(1), testing(1), documentation(1)

## Git Backup
- Commit: pending
- Time: 2026-04-11 19:44:00

## Status
- Intent Parser: COMPLETE
- Next: Intent Integration or Context Manager
