2026-04-11 20:10:00 - 의사결정 엔진 구현 완료
=====================================

## Summary
- Decision engine (의사결정 엔진) implementation completed
- All 5 features implemented: multi-criteria decision making, uncertainty handling, confidence scoring, explanation generation, decision logging
- All features tested and working correctly

## Files Created
- Created: core/decision.py (의사결정 엔진 모듈)
  - DecisionEngine 클래스: 메인 의사결정 엔진
  - Decision dataclass: 의사결정 데이터
  - Criterion dataclass: 의사결정 기준
  - DecisionType Enum: 의사결정 타입
  - UncertaintyLevel Enum: 불확실성 수준
  
- Created: test_decision_engine.py (테스트 스크립트)
  - 7 test cases covering all features

## Implementation Details

### 1. 다중 기준 의사결정 (Multi-Criteria Decision Making)
- make_decision() 메인 메소드
- 기본 5가지 기준: performance, reliability, cost, time, quality
- 사용자 정의 기준 가중치 지원
- 가중 평균 점수 계산
- 최고 점수 옵션 자동 선택

### 2. 불확실성 처리 (Uncertainty Handling)
- 4단계 불확실성 수준: LOW, MEDIUM, HIGH, CRITICAL
- handle_uncertainty() 메소드
- 3가지 폴백 전략: conservative, optimistic, random
- 높은 불확실성 시 대안 권장 또는 정보 요청

### 3. 신뢰도 점수화 (Confidence Scoring)
- calculate_confidence_score() 메소드
- 가중치 기반 종합 신뢰도 계산
- 1위-2위 점수 차이 기반 신뢰도 판단
- 0.0 ~ 1.0 범위 정규화

### 4. 설명 생성 (Explanation Generation)
- generate_explanation() 메소드
- 3단계 상세 수준: brief, standard, detailed
- 핵심 기준 및 근거 자동 추출
- 불확실성 수준 반영 설명

### 5. 의사결정 로깅 (Decision Logging)
- _log_decision() 메소드
- JSON 파일 기반 로그 저장
- /home/lks/ai_router/log/decision_log.json
- 누적 로그 관리
- 통계 및 최근 기록 조회

## Test Results
1. Multi-Criteria Decision: PASSED
   - 3개 정책 평가: expand, refine, balance
   - Selected: balance_policy (highest weighted score)
   - Confidence: 0.55, Uncertainty: HIGH

2. Uncertainty Handling: PASSED
   - Low confidence decision detected
   - Conservative strategy applied
   - Fallback recommendations generated

3. Confidence Scoring: PASSED
   - 4 factors with custom weights
   - Calculated confidence: 0.83

4. Explanation Generation: PASSED
   - brief/standard/detailed levels working
   - Context-aware explanations

5. Decision Logging: PASSED
   - Total decisions: 5
   - Average confidence: 0.61
   - Type distribution: policy_selection, routing, execution

6. Recent Decisions: PASSED
   - Retrieved 3 recent decisions
   - All decision IDs valid

7. Quick Decision: PASSED
   - Chosen: policy_b
   - Confidence: 0.55
   - Automatic explanation generated

## Git Backup
- Commit: pending
- Time: 2026-04-11 20:10:00

## Status
- Decision Engine: COMPLETE
- Section 3.4 (의사결정 엔진): COMPLETE
- All Section 3 (지능 레이어) subsections: COMPLETE

## Next Steps
- Section 4 (고급 기능) or other priority tasks
- System Tool / Web Tool (Tool Layer)
