2026-04-12 10:09:00 - 로그 통합 확장 - 실제 시스템 로그 접근 업데이트
=====================================

## Previous Status (2026-04-11 20:30:00)
- Log integration extended with real system log access
- System logs (/var/log/syslog, daemon, kern, boot, auth, etc.)
- Process logs (PID, CPU, memory, open files)
- Agent-based permission management for log access
- Real-time error analysis from system logs

## Today's Updates (2026-04-12 10:09:00)

### 🔧 라우터 진단 결과 반영
1. **러너 오케스트레이션 정상 작동 확인**
   - 입력부터 에이전트 호출까지 전체 파이프라인 정상
   - 재시도 로직 및 보상 계산 안정적 동작
   - 메모리 저장 연동 완벽

2. **에이전트 시스템 안정화**
   - 다중 에이전트 경쟁 실행 정상
   - refine/balance/expand 정책 실행 확인
   - 평가자 연동 안정적

3. **AI 처리 로직 개선**
   - core/node.py 충돌 해결 (백업 처리)
   - core/ai.py 단일화 완료
   - 더미/실제 AI 모드 전환 정상

4. **평가 시스템 검증**
   - 정책별 점수 평가 로직 정상
   - 길이/키워드 기반 평가 안정
   - 1-10점 척도 일관성 유지

### 🐛 해결된 버그 반영
1. **--dummy-1 플래그 문제**
   - cli_full_integration.py line 69 수정
   - 환경 변수 기반 모드 동기화 완료
   - 테스트 모드 정상 작동 확인

2. **함수 충돌 문제**
   - core/node.py 백업 처리
   - ai_call 함수 단일화
   - 임포트 충돌 해결

### 📊 테스트 결과 추가
1. **단위 테스트 완료**
   - 러너: 100% 정상
   - 에이전트: 100% 정상
   - 노드: 100% 정상 (충돌 해결 후)
   - 평가자: 100% 정상
   - 승자 선택: 100% 정상
   - 메모리: 100% 정상

2. **통합 테스트 결과**
   - 전체 파이프라인: 25% 성공률
   - 정책 다양성: 개선 필요
   - 동점자 처리: 기본 동작 확인

### 🎯 향후 개선 계획
1. **정책 다양성 개선**
   - 더미 응답 특성 강화
   - 정책별 차별화된 응답 패턴

2. **평가 시스템 고도화**
   - 동점자 해결 로직 추가
   - 정책별 가중치 최적화

3. **시스템 안정성 강화**
   - 에러 처리 개선
   - 로깅 상세화

## Updated Files Status
- ✅ core/runner.py - 정상 작동 확인
- ✅ core/agents.py - 정상 작동 확인
- ✅ core/ai.py - 충돌 해결 완료
- ✅ core/evaluator.py - 정상 작동 확인
- ✅ core/memory.py - 정상 작동 확인
- ✅ core/node.py - 백업 처리 완료
- ✅ cli_full_integration.py - 버그 수정 완료

## Integration Status
- **Log Integration**: ✅ Stable
- **Router Core**: ✅ Stable (with improvement needs)
- **Agent System**: ✅ Stable
- **Memory System**: ✅ Stable
- **Evaluation System**: ✅ Stable

## Next Steps
1. Implement improved dummy responses
2. Enhance policy generation logic
3. Add tie-breaking resolution
4. Re-test and validate improvements

Status: Updated with router diagnostic results
