=== AI 수정기록 ===
날짜: 2026-04-11 18:43:30
작업자: AI Assistant
파일: core/policy.py, core/evaluator.py
작업내용: 평가 시스템 수정 완료

## 수정 내용

### 1. core/policy.py 수정
- expand_deep 정책 가중치 추가 (1.2)
- 기존 정책 가중치 유지 (refine: 1.0, balance: 1.0, expand: 1.0)

### 2. core/evaluator.py 수정
- 정책별 평가 기준 개선
- expand: 목록, 구분자, 다양한 측면 평가
- expand_deep: 상세한 설명, 구조화, 깊이 평가
- balance: 균형성 키워드, 다양한 관점 평가
- refine: 정제성, 구조화, 명확성 평가
- 각 정책별 최대 2점 추가 보너스

## 테스트 결과

### 수정 전 문제점
- 모든 정책 동일 점수 (8.0)
- expand_deep 가중치 없음
- 평가 기준 부정확

### 수정 후 결과
- expand: 9.0점
- expand_deep: 12.0점 (가중치 적용)
- refine: 9.0점
- balance: 8.0점

### 실제 다중 에이전트 테스트
- 승자: expand 정책 (9.0점)
- 2위: balance 정책 (8.0점)
- 3위: expand_x 정책 (7.0점)

## 상태
✅ 평가 시스템 수정 완료
✅ 정책 가중치 적용 완료
✅ 다중 에이전트 경쟁 정상 작동 확인
✅ 다음 단계 진행 준비 완료

## 다음 단계
- 툴 레이어 구현 시작
- 파일 툴 (core/tools/file_tool.py) 구현 우선
