=== AI 수정기록 ===
날짜: 2026-04-11 18:54:00
작업자: AI Assistant
파일: core/tools/file_tool.py, core/tools/__init__.py
작업내용: 파일 툴 구현 완료

## 새로 생성된 파일

### core/tools/file_tool.py
- FileTool 클래스: 안전한 파일 작업 기능
- 주요 기능:
  1. 파일 읽기 (read_file)
  2. 파일 쓰기 (write_file)
  3. 디렉토리 목록 (list_directory)
  4. 파일 메타데이터 (get_file_metadata)
  5. 경로 검증 (validate_path)

### core/tools/__init__.py
- 툴 레지스트리 시스템
- 툴 관리 함수 제공

## 보안 기능

### 경로 안전성
- 기본 경로 내에서만 작동 (/home/lks/ai_router)
- 상위 디렉토리 접근 차단 (../etc/passwd 등)
- 제한된 디렉토리 접근 차단 (__pycache__, venv 등)

### 파일 제한
- 허용된 확장자만 허용 (.py, .md, .txt 등)
- 최대 파일 크기 제한 (10MB)
- MIME 타입 자동 감지

## 테스트 결과

### 기본 기능 테스트
✅ 툴 정보 조회 성공
✅ 디렉토리 목록 조회 성공
✅ 파일 메타데이터 추출 성공
✅ 경로 검증 성공
✅ 안전하지 않은 경로 차단 성공

### 파일 읽기/쓰기 테스트
✅ 파일 쓰기 성공 (test_output.md, 323 bytes)
✅ 파일 읽기 성공
✅ 메타데이터 추출 성공
✅ MIME 타입 감지 성공 (text/markdown)

## 체크리스트 업데이트

### 2.1 파일 작업 완료 항목
- [x] **파일 툴** (`core/tools/file_tool.py`) ✅
  - [x] 파일 읽기 작업 ✅
  - [x] 파일 쓰기 작업 ✅
  - [x] 디렉토리 목록 ✅
  - [x] 파일 메타데이터 추출 ✅
  - [x] 안전한 경로 검증 ✅

## 상태
✅ 파일 툴 구현 완료
✅ 보안 기능 구현 완료
✅ 기본 기능 테스트 완료
✅ 다음 툴 구현 준비 완료

## 다음 단계
- 로그 툴 (core/tools/log_tool.py) 구현
- 시스템 툴 (core/tools/system_tool.py) 구현
- 웹 툴 (core/tools/web_tool.py) 구현
- 에이전트와의 툴 통합
