============================================================
작업일: 2026-04-12
작업시간: 20:24
작업자: AI Assistant
============================================================

[작업 내용]
1. 정책 생성 2개로 축소 (기존 3-4개 → 2개)
   - 파일: core/policy_evolve.py
   - 내용: next_generation() 함수 수정
   - 효과: AI 호출 시간 33% 단축

2. 캐시 시스템 구현 시도
   - 파일: core/agents.py, cli_full_integration.py
   - 내용: get_cache/set_cache 적용
   - 효과: 동일 질문 재응답 시 ~0ms (미완성)

3. 병렬 실행 검토
   - GPU 없음으로 병렬 실행 제외
   - 순차 실행 유지

[수정된 파일]
- core/policy_evolve.py: 정책 2개 생성 ([:2] 반환)
- core/agents.py: 캐시 로직 추가 (미완성)

[다음 작업]
- agents.py 캐시 완성
- cli_full_integration.py 캐시 안정화
- 테스트 및 검증

============================================================
